#
# There is insufficient memory for the Java Runtime Environment to continue.
# Native memory allocation (malloc) failed to allocate 32744 bytes for ChunkPool::allocate
# Possible reasons:
#   The system is out of physical RAM or swap space
#   The process is running with CompressedOops enabled, and the Java Heap may be blocking the growth of the native heap
# Possible solutions:
#   Reduce memory load on the system
#   Increase physical memory or swap space
#   Check if swap backing store is full
#   Decrease Java heap size (-Xmx/-Xms)
#   Decrease number of Java threads
#   Decrease Java thread stack sizes (-Xss)
#   Set larger code cache with -XX:ReservedCodeCacheSize=
#   JVM is running with Unscaled Compressed Oops mode in which the Java heap is
#     placed in the first 4GB address space. The Java Heap base address is the
#     maximum limit for the native heap growth. Please use -XX:HeapBaseMinAddress
#     to set the Java Heap base and to place the Java Heap above 4GB virtual address.
# This output file may be truncated or incomplete.
#
#  Out of Memory Error (t:/workspace/open/src/hotspot/share/memory/arena.cpp:80), pid=9144, tid=22672
#
# JRE version: Java(TM) SE Runtime Environment (13.0+33) (build 13+33)
# Java VM: Java HotSpot(TM) 64-Bit Server VM (13+33, mixed mode, sharing, tiered, compressed oops, g1 gc, windows-amd64)
# No core dump will be written. Minidumps are not enabled by default on client versions of Windows
#

---------------  S U M M A R Y ------------

Command Line: -agentlib:jdwp=transport=dt_socket,address=127.0.0.1:64172,suspend=y,server=n -javaagent:C:\Users\Anton\AppData\Local\JetBrains\IdeaIC2022.1\captureAgent\debugger-agent.jar -Dfile.encoding=UTF-8 com.crowdmarketing.CrowdApplication

Host: Intel(R) Core(TM) i7-8750H CPU @ 2.20GHz, 12 cores, 7G,  Windows 10 , 64 bit Build 19041 (10.0.19041.1706)
Time: Mon May 30 22:34:12 2022 Ô³íëÿíä³ÿ (ë³òî) elapsed time: 18 seconds (0d 0h 0m 18s)

---------------  T H R E A D  ---------------

Current thread (0x000002601fd33800):  JavaThread "C2 CompilerThread1" daemon [_thread_in_native, id=22672, stack(0x0000007e49500000,0x0000007e49600000)]


Current CompileTask:
C2:  18428 6090       4       org.springframework.core.annotation.TypeMappedAnnotations::scan (62 bytes)

Stack: [0x0000007e49500000,0x0000007e49600000]
Native frames: (J=compiled Java code, j=interpreted, Vv=VM code, C=native code)
V  [jvm.dll+0x626eaa]
V  [jvm.dll+0x772c4a]
V  [jvm.dll+0x7743ff]
V  [jvm.dll+0x774a03]
V  [jvm.dll+0x24da38]
V  [jvm.dll+0xc3d16]
V  [jvm.dll+0xc406c]
V  [jvm.dll+0x362bcb]
V  [jvm.dll+0x52c3d6]
V  [jvm.dll+0x52b5c0]
V  [jvm.dll+0x52be32]
V  [jvm.dll+0x1a1015]
V  [jvm.dll+0x2079d6]
V  [jvm.dll+0x206adf]
V  [jvm.dll+0x18b94c]
V  [jvm.dll+0x2159bd]
V  [jvm.dll+0x213e6b]
V  [jvm.dll+0x738af6]
V  [jvm.dll+0x731bea]
V  [jvm.dll+0x6260a6]
C  [ucrtbase.dll+0x21bb2]
C  [KERNEL32.DLL+0x17034]
C  [ntdll.dll+0x52651]


---------------  P R O C E S S  ---------------

Threads class SMR info:
_java_thread_list=0x000002601ab3b370, length=21, elements={
0x0000026019919800, 0x000002601991d000, 0x000002601993e000, 0x000002601993f800,
0x0000026019941000, 0x0000026019946000, 0x000002601994a000, 0x00000260198fe800,
0x000002601a3c5800, 0x000002601a2cf000, 0x000002601a2d2000, 0x000002601a27f000,
0x000002601fd8f800, 0x000002601bd0f000, 0x000002601f66b800, 0x000002602004b000,
0x000002601c8fd000, 0x000002601fd33800, 0x000002601fd36000, 0x000002601fd31000,
0x000002601fd37000
}

Java Threads: ( => current thread )
  0x0000026019919800 JavaThread "Reference Handler" daemon [_thread_blocked, id=20080, stack(0x0000007e48500000,0x0000007e48600000)]
  0x000002601991d000 JavaThread "Finalizer" daemon [_thread_blocked, id=21788, stack(0x0000007e48600000,0x0000007e48700000)]
  0x000002601993e000 JavaThread "Signal Dispatcher" daemon [_thread_blocked, id=18484, stack(0x0000007e48700000,0x0000007e48800000)]
  0x000002601993f800 JavaThread "Attach Listener" daemon [_thread_blocked, id=1020, stack(0x0000007e48800000,0x0000007e48900000)]
  0x0000026019941000 JavaThread "C2 CompilerThread0" daemon [_thread_in_native, id=17928, stack(0x0000007e48900000,0x0000007e48a00000)]
  0x0000026019946000 JavaThread "C1 CompilerThread0" daemon [_thread_blocked, id=8684, stack(0x0000007e48a00000,0x0000007e48b00000)]
  0x000002601994a000 JavaThread "Sweeper thread" daemon [_thread_blocked, id=14160, stack(0x0000007e48b00000,0x0000007e48c00000)]
  0x00000260198fe800 JavaThread "Common-Cleaner" daemon [_thread_blocked, id=16744, stack(0x0000007e48c00000,0x0000007e48d00000)]
  0x000002601a3c5800 JavaThread "JDWP Transport Listener: dt_socket" daemon [_thread_blocked, id=5876, stack(0x0000007e48e00000,0x0000007e48f00000)]
  0x000002601a2cf000 JavaThread "JDWP Event Helper Thread" daemon [_thread_blocked, id=19424, stack(0x0000007e48f00000,0x0000007e49000000)]
  0x000002601a2d2000 JavaThread "JDWP Command Reader" daemon [_thread_in_native, id=6148, stack(0x0000007e49000000,0x0000007e49100000)]
  0x000002601a27f000 JavaThread "Service Thread" daemon [_thread_blocked, id=17004, stack(0x0000007e48d00000,0x0000007e48e00000)]
  0x000002601fd8f800 JavaThread "Catalina-utility-1" [_thread_blocked, id=14952, stack(0x0000007e49b00000,0x0000007e49c00000)]
  0x000002601bd0f000 JavaThread "Catalina-utility-2" [_thread_blocked, id=12584, stack(0x0000007e49c00000,0x0000007e49d00000)]
  0x000002601f66b800 JavaThread "container-0" [_thread_blocked, id=16664, stack(0x0000007e49d00000,0x0000007e49e00000)]
  0x000002602004b000 JavaThread "mysql-cj-abandoned-connection-cleanup" daemon [_thread_blocked, id=24204, stack(0x0000007e49e00000,0x0000007e49f00000)]
  0x000002601c8fd000 JavaThread "HikariPool-1 housekeeper" daemon [_thread_blocked, id=24348, stack(0x0000007e4a200000,0x0000007e4a300000)]
=>0x000002601fd33800 JavaThread "C2 CompilerThread1" daemon [_thread_in_native, id=22672, stack(0x0000007e49500000,0x0000007e49600000)]
  0x000002601fd36000 JavaThread "http-nio-8081-Poller" daemon [_thread_in_native, id=17456, stack(0x0000007e49600000,0x0000007e49700000)]
  0x000002601fd31000 JavaThread "http-nio-8081-Acceptor" daemon [_thread_in_native, id=21232, stack(0x0000007e4a300000,0x0000007e4a400000)]
  0x000002601fd37000 JavaThread "DestroyJavaVM" [_thread_blocked, id=2940, stack(0x0000007e47e00000,0x0000007e47f00000)]

Other Threads:
  0x0000026019915800 VMThread "VM Thread" [stack: 0x0000007e48400000,0x0000007e48500000] [id=15700]
  0x000002601a2fe800 WatcherThread [stack: 0x0000007e49100000,0x0000007e49200000] [id=2376]
  0x000002607a6e5000 GCTaskThread "GC Thread#0" [stack: 0x0000007e47f00000,0x0000007e48000000] [id=11092]
  0x000002601ac15800 GCTaskThread "GC Thread#1" [stack: 0x0000007e49300000,0x0000007e49400000] [id=1588]
  0x000002601abc3000 GCTaskThread "GC Thread#2" [stack: 0x0000007e49400000,0x0000007e49500000] [id=10940]
  0x000002601b4b7000 GCTaskThread "GC Thread#3" [stack: 0x0000007e49700000,0x0000007e49800000] [id=11932]
  0x000002601b48f800 GCTaskThread "GC Thread#4" [stack: 0x0000007e49900000,0x0000007e49a00000] [id=23804]
  0x000002601b61e800 GCTaskThread "GC Thread#5" [stack: 0x0000007e49a00000,0x0000007e49b00000] [id=12816]
  0x000002601ab0e800 GCTaskThread "GC Thread#6" [stack: 0x0000007e49f00000,0x0000007e4a000000] [id=21224]
  0x00000260216f9800 GCTaskThread "GC Thread#7" [stack: 0x0000007e4a000000,0x0000007e4a100000] [id=15452]
  0x000002607a6f8800 ConcurrentGCThread "G1 Main Marker" [stack: 0x0000007e48000000,0x0000007e48100000] [id=19488]
  0x000002607a6fa800 ConcurrentGCThread "G1 Conc#0" [stack: 0x0000007e48100000,0x0000007e48200000] [id=4772]
  0x000002601d4d0800 ConcurrentGCThread "G1 Conc#1" [stack: 0x0000007e49200000,0x0000007e49300000] [id=11984]
  0x000002601bd8f800 ConcurrentGCThread "G1 Conc#2" [stack: 0x0000007e49800000,0x0000007e49900000] [id=16716]
  0x000002607a76e800 ConcurrentGCThread "G1 Refine#0" [stack: 0x0000007e48200000,0x0000007e48300000] [id=15808]
  0x0000026019794000 ConcurrentGCThread "G1 Young RemSet Sampling" [stack: 0x0000007e48300000,0x0000007e48400000] [id=22592]

Threads with active compile tasks:
C2 CompilerThread0    18509 6091       4       org.springframework.core.annotation.AnnotationsScanner::scan (18 bytes)
C2 CompilerThread1    18509 6090       4       org.springframework.core.annotation.TypeMappedAnnotations::scan (62 bytes)

VM state:not at safepoint (normal execution)

VM Mutex/Monitor currently owned by a thread: None

Heap address: 0x0000000082200000, size: 2014 MB, Compressed Oops mode: 32-bit
Narrow klass base: 0x0000000800000000, Narrow klass shift: 3
Compressed class space size: 1073741824 Address: 0x0000000800b40000

Heap:
 garbage-first heap   total 134144K, used 79509K [0x0000000082200000, 0x0000000100000000)
  region size 1024K, 35 young (35840K), 1 survivors (1024K)
 Metaspace       used 66576K, capacity 68482K, committed 68528K, reserved 1107968K
  class space    used 8746K, capacity 9468K, committed 9472K, reserved 1048576K
Heap Regions: E=young(eden), S=young(survivor), O=old, HS=humongous(starts), HC=humongous(continues), CS=collection set, F=free, A=archive, TAMS=top-at-mark-start (previous, next)
|   0|0x0000000082200000, 0x0000000082300000, 0x0000000082300000|100%|HS|  |TAMS 0x0000000082300000, 0x0000000082200000| Complete 
|   1|0x0000000082300000, 0x0000000082400000, 0x0000000082400000|100%| O|  |TAMS 0x0000000082400000, 0x0000000082300000| Untracked 
|   2|0x0000000082400000, 0x0000000082500000, 0x0000000082500000|100%| O|  |TAMS 0x0000000082500000, 0x0000000082400000| Untracked 
|   3|0x0000000082500000, 0x0000000082600000, 0x0000000082600000|100%| O|  |TAMS 0x0000000082600000, 0x0000000082500000| Untracked 
|   4|0x0000000082600000, 0x0000000082700000, 0x0000000082700000|100%| O|  |TAMS 0x0000000082700000, 0x0000000082600000| Untracked 
|   5|0x0000000082700000, 0x0000000082800000, 0x0000000082800000|100%| O|  |TAMS 0x0000000082800000, 0x0000000082700000| Untracked 
|   6|0x0000000082800000, 0x00000000828a5400, 0x0000000082900000| 64%| O|  |TAMS 0x00000000828a5400, 0x0000000082800000| Untracked 
|   7|0x0000000082900000, 0x0000000082a00000, 0x0000000082a00000|100%| O|  |TAMS 0x0000000082a00000, 0x0000000082900000| Untracked 
|   8|0x0000000082a00000, 0x0000000082b00000, 0x0000000082b00000|100%| O|  |TAMS 0x0000000082b00000, 0x0000000082a00000| Untracked 
|   9|0x0000000082b00000, 0x0000000082c00000, 0x0000000082c00000|100%| O|  |TAMS 0x0000000082c00000, 0x0000000082b00000| Untracked 
|  10|0x0000000082c00000, 0x0000000082d00000, 0x0000000082d00000|100%| O|  |TAMS 0x0000000082d00000, 0x0000000082c00000| Untracked 
|  11|0x0000000082d00000, 0x0000000082e00000, 0x0000000082e00000|100%| O|  |TAMS 0x0000000082e00000, 0x0000000082d00000| Untracked 
|  12|0x0000000082e00000, 0x0000000082f00000, 0x0000000082f00000|100%| O|  |TAMS 0x0000000082f00000, 0x0000000082e00000| Untracked 
|  13|0x0000000082f00000, 0x0000000083000000, 0x0000000083000000|100%| O|  |TAMS 0x0000000083000000, 0x0000000082f00000| Untracked 
|  14|0x0000000083000000, 0x0000000083100000, 0x0000000083100000|100%| O|  |TAMS 0x0000000083100000, 0x0000000083000000| Untracked 
|  15|0x0000000083100000, 0x0000000083200000, 0x0000000083200000|100%| O|  |TAMS 0x0000000083200000, 0x0000000083100000| Untracked 
|  16|0x0000000083200000, 0x0000000083300000, 0x0000000083300000|100%| O|  |TAMS 0x0000000083300000, 0x0000000083200000| Untracked 
|  17|0x0000000083300000, 0x0000000083400000, 0x0000000083400000|100%| O|  |TAMS 0x0000000083400000, 0x0000000083300000| Untracked 
|  18|0x0000000083400000, 0x0000000083500000, 0x0000000083500000|100%| O|  |TAMS 0x0000000083500000, 0x0000000083400000| Untracked 
|  19|0x0000000083500000, 0x0000000083600000, 0x0000000083600000|100%| O|  |TAMS 0x0000000083600000, 0x0000000083500000| Untracked 
|  20|0x0000000083600000, 0x0000000083700000, 0x0000000083700000|100%| O|  |TAMS 0x0000000083700000, 0x0000000083600000| Untracked 
|  21|0x0000000083700000, 0x0000000083800000, 0x0000000083800000|100%| O|  |TAMS 0x0000000083800000, 0x0000000083700000| Untracked 
|  22|0x0000000083800000, 0x0000000083900000, 0x0000000083900000|100%| O|  |TAMS 0x0000000083900000, 0x0000000083800000| Untracked 
|  23|0x0000000083900000, 0x0000000083a00000, 0x0000000083a00000|100%| O|  |TAMS 0x0000000083a00000, 0x0000000083900000| Untracked 
|  24|0x0000000083a00000, 0x0000000083b00000, 0x0000000083b00000|100%| O|  |TAMS 0x0000000083b00000, 0x0000000083a00000| Untracked 
|  25|0x0000000083b00000, 0x0000000083c00000, 0x0000000083c00000|100%| O|  |TAMS 0x0000000083c00000, 0x0000000083b00000| Untracked 
|  26|0x0000000083c00000, 0x0000000083c00000, 0x0000000083d00000|  0%| F|  |TAMS 0x0000000083c00000, 0x0000000083c00000| Untracked 
|  27|0x0000000083d00000, 0x0000000083d00000, 0x0000000083e00000|  0%| F|  |TAMS 0x0000000083d00000, 0x0000000083d00000| Untracked 
|  28|0x0000000083e00000, 0x0000000083e00000, 0x0000000083f00000|  0%| F|  |TAMS 0x0000000083e00000, 0x0000000083e00000| Untracked 
|  29|0x0000000083f00000, 0x0000000083f00000, 0x0000000084000000|  0%| F|  |TAMS 0x0000000083f00000, 0x0000000083f00000| Untracked 
|  30|0x0000000084000000, 0x0000000084100000, 0x0000000084100000|100%| O|  |TAMS 0x0000000084100000, 0x0000000084000000| Untracked 
|  31|0x0000000084100000, 0x0000000084200000, 0x0000000084200000|100%| O|  |TAMS 0x0000000084200000, 0x0000000084100000| Untracked 
|  32|0x0000000084200000, 0x0000000084200000, 0x0000000084300000|  0%| F|  |TAMS 0x0000000084200000, 0x0000000084200000| Untracked 
|  33|0x0000000084300000, 0x0000000084300000, 0x0000000084400000|  0%| F|  |TAMS 0x0000000084300000, 0x0000000084300000| Untracked 
|  34|0x0000000084400000, 0x0000000084400000, 0x0000000084500000|  0%| F|  |TAMS 0x0000000084400000, 0x0000000084400000| Untracked 
|  35|0x0000000084500000, 0x0000000084500000, 0x0000000084600000|  0%| F|  |TAMS 0x0000000084500000, 0x0000000084500000| Untracked 
|  36|0x0000000084600000, 0x0000000084600000, 0x0000000084700000|  0%| F|  |TAMS 0x0000000084600000, 0x0000000084600000| Untracked 
|  37|0x0000000084700000, 0x0000000084700000, 0x0000000084800000|  0%| F|  |TAMS 0x0000000084700000, 0x0000000084700000| Untracked 
|  38|0x0000000084800000, 0x0000000084800000, 0x0000000084900000|  0%| F|  |TAMS 0x0000000084800000, 0x0000000084800000| Untracked 
|  39|0x0000000084900000, 0x0000000084900000, 0x0000000084a00000|  0%| F|  |TAMS 0x0000000084900000, 0x0000000084900000| Untracked 
|  40|0x0000000084a00000, 0x0000000084b00000, 0x0000000084b00000|100%| O|  |TAMS 0x0000000084b00000, 0x0000000084a00000| Untracked 
|  41|0x0000000084b00000, 0x0000000084c00000, 0x0000000084c00000|100%| O|  |TAMS 0x0000000084c00000, 0x0000000084b00000| Untracked 
|  42|0x0000000084c00000, 0x0000000084d00000, 0x0000000084d00000|100%| O|  |TAMS 0x0000000084d00000, 0x0000000084c00000| Untracked 
|  43|0x0000000084d00000, 0x0000000084e00000, 0x0000000084e00000|100%| O|  |TAMS 0x0000000084e00000, 0x0000000084d00000| Untracked 
|  44|0x0000000084e00000, 0x0000000084e00000, 0x0000000084f00000|  0%| F|  |TAMS 0x0000000084e00000, 0x0000000084e00000| Untracked 
|  45|0x0000000084f00000, 0x0000000084f00000, 0x0000000085000000|  0%| F|  |TAMS 0x0000000084f00000, 0x0000000084f00000| Untracked 
|  46|0x0000000085000000, 0x0000000085100000, 0x0000000085100000|100%| O|  |TAMS 0x0000000085000000, 0x0000000085000000| Untracked 
|  47|0x0000000085100000, 0x0000000085200000, 0x0000000085200000|100%| O|  |TAMS 0x0000000085100000, 0x0000000085100000| Untracked 
|  48|0x0000000085200000, 0x0000000085300000, 0x0000000085300000|100%| O|  |TAMS 0x0000000085200000, 0x0000000085200000| Untracked 
|  49|0x0000000085300000, 0x0000000085400000, 0x0000000085400000|100%| O|  |TAMS 0x0000000085300000, 0x0000000085300000| Untracked 
|  50|0x0000000085400000, 0x0000000085500000, 0x0000000085500000|100%| O|  |TAMS 0x0000000085400000, 0x0000000085400000| Untracked 
|  51|0x0000000085500000, 0x0000000085600000, 0x0000000085600000|100%| O|  |TAMS 0x0000000085500000, 0x0000000085500000| Untracked 
|  52|0x0000000085600000, 0x0000000085700000, 0x0000000085700000|100%| O|  |TAMS 0x0000000085600000, 0x0000000085600000| Untracked 
|  53|0x0000000085700000, 0x0000000085800000, 0x0000000085800000|100%| O|  |TAMS 0x0000000085700000, 0x0000000085700000| Untracked 
|  54|0x0000000085800000, 0x0000000085900000, 0x0000000085900000|100%| O|  |TAMS 0x0000000085800000, 0x0000000085800000| Untracked 
|  55|0x0000000085900000, 0x0000000085a00000, 0x0000000085a00000|100%| O|  |TAMS 0x0000000085900000, 0x0000000085900000| Untracked 
|  56|0x0000000085a00000, 0x0000000085b00000, 0x0000000085b00000|100%| O|  |TAMS 0x0000000085a00000, 0x0000000085a00000| Untracked 
|  57|0x0000000085b00000, 0x0000000085c00000, 0x0000000085c00000|100%| O|  |TAMS 0x0000000085b00000, 0x0000000085b00000| Untracked 
|  58|0x0000000085c00000, 0x0000000085c00000, 0x0000000085d00000|  0%| F|  |TAMS 0x0000000085c00000, 0x0000000085c00000| Untracked 
|  59|0x0000000085d00000, 0x0000000085d00000, 0x0000000085e00000|  0%| F|  |TAMS 0x0000000085d00000, 0x0000000085d00000| Untracked 
|  60|0x0000000085e00000, 0x0000000085e00000, 0x0000000085f00000|  0%| F|  |TAMS 0x0000000085e00000, 0x0000000085e00000| Untracked 
|  61|0x0000000085f00000, 0x0000000085f00000, 0x0000000086000000|  0%| F|  |TAMS 0x0000000085f00000, 0x0000000085f00000| Untracked 
|  62|0x0000000086000000, 0x0000000086000000, 0x0000000086100000|  0%| F|  |TAMS 0x0000000086000000, 0x0000000086000000| Untracked 
|  63|0x0000000086100000, 0x0000000086100000, 0x0000000086200000|  0%| F|  |TAMS 0x0000000086100000, 0x0000000086100000| Untracked 
|  64|0x0000000086200000, 0x0000000086200000, 0x0000000086300000|  0%| F|  |TAMS 0x0000000086200000, 0x0000000086200000| Untracked 
|  65|0x0000000086300000, 0x0000000086300000, 0x0000000086400000|  0%| F|  |TAMS 0x0000000086300000, 0x0000000086300000| Untracked 
|  66|0x0000000086400000, 0x0000000086400000, 0x0000000086500000|  0%| F|  |TAMS 0x0000000086400000, 0x0000000086400000| Untracked 
|  67|0x0000000086500000, 0x0000000086500000, 0x0000000086600000|  0%| F|  |TAMS 0x0000000086500000, 0x0000000086500000| Untracked 
|  68|0x0000000086600000, 0x0000000086600000, 0x0000000086700000|  0%| F|  |TAMS 0x0000000086600000, 0x0000000086600000| Untracked 
|  69|0x0000000086700000, 0x0000000086700000, 0x0000000086800000|  0%| F|  |TAMS 0x0000000086700000, 0x0000000086700000| Untracked 
|  70|0x0000000086800000, 0x0000000086800000, 0x0000000086900000|  0%| F|  |TAMS 0x0000000086800000, 0x0000000086800000| Untracked 
|  71|0x0000000086900000, 0x0000000086900000, 0x0000000086a00000|  0%| F|  |TAMS 0x0000000086900000, 0x0000000086900000| Untracked 
|  72|0x0000000086a00000, 0x0000000086a00000, 0x0000000086b00000|  0%| F|  |TAMS 0x0000000086a00000, 0x0000000086a00000| Untracked 
|  73|0x0000000086b00000, 0x0000000086b00000, 0x0000000086c00000|  0%| F|  |TAMS 0x0000000086b00000, 0x0000000086b00000| Untracked 
|  74|0x0000000086c00000, 0x0000000086c00000, 0x0000000086d00000|  0%| F|  |TAMS 0x0000000086c00000, 0x0000000086c00000| Untracked 
|  75|0x0000000086d00000, 0x0000000086d00000, 0x0000000086e00000|  0%| F|  |TAMS 0x0000000086d00000, 0x0000000086d00000| Untracked 
|  76|0x0000000086e00000, 0x0000000086e00000, 0x0000000086f00000|  0%| F|  |TAMS 0x0000000086e00000, 0x0000000086e00000| Untracked 
|  77|0x0000000086f00000, 0x0000000086f00000, 0x0000000087000000|  0%| F|  |TAMS 0x0000000086f00000, 0x0000000086f00000| Untracked 
|  78|0x0000000087000000, 0x0000000087000000, 0x0000000087100000|  0%| F|  |TAMS 0x0000000087000000, 0x0000000087000000| Untracked 
|  79|0x0000000087100000, 0x0000000087100000, 0x0000000087200000|  0%| F|  |TAMS 0x0000000087100000, 0x0000000087100000| Untracked 
|  80|0x0000000087200000, 0x0000000087200000, 0x0000000087300000|  0%| F|  |TAMS 0x0000000087200000, 0x0000000087200000| Untracked 
|  81|0x0000000087300000, 0x0000000087300000, 0x0000000087400000|  0%| F|  |TAMS 0x0000000087300000, 0x0000000087300000| Untracked 
|  82|0x0000000087400000, 0x0000000087400000, 0x0000000087500000|  0%| F|  |TAMS 0x0000000087400000, 0x0000000087400000| Untracked 
|  83|0x0000000087500000, 0x0000000087500000, 0x0000000087600000|  0%| F|  |TAMS 0x0000000087500000, 0x0000000087500000| Untracked 
|  84|0x0000000087600000, 0x0000000087600000, 0x0000000087700000|  0%| F|  |TAMS 0x0000000087600000, 0x0000000087600000| Untracked 
|  85|0x0000000087700000, 0x0000000087700000, 0x0000000087800000|  0%| F|  |TAMS 0x0000000087700000, 0x0000000087700000| Untracked 
|  86|0x0000000087800000, 0x0000000087800000, 0x0000000087900000|  0%| F|  |TAMS 0x0000000087800000, 0x0000000087800000| Untracked 
|  87|0x0000000087900000, 0x0000000087900000, 0x0000000087a00000|  0%| F|  |TAMS 0x0000000087900000, 0x0000000087900000| Untracked 
|  88|0x0000000087a00000, 0x0000000087a00000, 0x0000000087b00000|  0%| F|  |TAMS 0x0000000087a00000, 0x0000000087a00000| Untracked 
|  89|0x0000000087b00000, 0x0000000087b00000, 0x0000000087c00000|  0%| F|  |TAMS 0x0000000087b00000, 0x0000000087b00000| Untracked 
|  90|0x0000000087c00000, 0x0000000087c00000, 0x0000000087d00000|  0%| F|  |TAMS 0x0000000087c00000, 0x0000000087c00000| Untracked 
|  91|0x0000000087d00000, 0x0000000087d00000, 0x0000000087e00000|  0%| F|  |TAMS 0x0000000087d00000, 0x0000000087d00000| Untracked 
|  92|0x0000000087e00000, 0x0000000087e00000, 0x0000000087f00000|  0%| F|  |TAMS 0x0000000087e00000, 0x0000000087e00000| Untracked 
|  93|0x0000000087f00000, 0x0000000087f00000, 0x0000000088000000|  0%| F|  |TAMS 0x0000000087f00000, 0x0000000087f00000| Untracked 
|  94|0x0000000088000000, 0x0000000088000000, 0x0000000088100000|  0%| F|  |TAMS 0x0000000088000000, 0x0000000088000000| Untracked 
|  95|0x0000000088100000, 0x0000000088100000, 0x0000000088200000|  0%| F|  |TAMS 0x0000000088100000, 0x0000000088100000| Untracked 
|  96|0x0000000088200000, 0x000000008828d858, 0x0000000088300000| 55%| E|  |TAMS 0x0000000088200000, 0x0000000088200000| Complete 
|  97|0x0000000088300000, 0x0000000088400000, 0x0000000088400000|100%| E|CS|TAMS 0x0000000088300000, 0x0000000088300000| Complete 
|  98|0x0000000088400000, 0x0000000088500000, 0x0000000088500000|100%| E|CS|TAMS 0x0000000088400000, 0x0000000088400000| Complete 
|  99|0x0000000088500000, 0x0000000088600000, 0x0000000088600000|100%| E|CS|TAMS 0x0000000088500000, 0x0000000088500000| Complete 
| 100|0x0000000088600000, 0x0000000088700000, 0x0000000088700000|100%| E|CS|TAMS 0x0000000088600000, 0x0000000088600000| Complete 
| 101|0x0000000088700000, 0x0000000088800000, 0x0000000088800000|100%| E|CS|TAMS 0x0000000088700000, 0x0000000088700000| Complete 
| 102|0x0000000088800000, 0x0000000088900000, 0x0000000088900000|100%| E|CS|TAMS 0x0000000088800000, 0x0000000088800000| Complete 
| 103|0x0000000088900000, 0x0000000088a00000, 0x0000000088a00000|100%| E|CS|TAMS 0x0000000088900000, 0x0000000088900000| Complete 
| 104|0x0000000088a00000, 0x0000000088b00000, 0x0000000088b00000|100%| E|CS|TAMS 0x0000000088a00000, 0x0000000088a00000| Complete 
| 105|0x0000000088b00000, 0x0000000088c00000, 0x0000000088c00000|100%| E|CS|TAMS 0x0000000088b00000, 0x0000000088b00000| Complete 
| 106|0x0000000088c00000, 0x0000000088d00000, 0x0000000088d00000|100%| E|CS|TAMS 0x0000000088c00000, 0x0000000088c00000| Complete 
| 107|0x0000000088d00000, 0x0000000088e00000, 0x0000000088e00000|100%| E|CS|TAMS 0x0000000088d00000, 0x0000000088d00000| Complete 
| 108|0x0000000088e00000, 0x0000000088f00000, 0x0000000088f00000|100%| E|CS|TAMS 0x0000000088e00000, 0x0000000088e00000| Complete 
| 109|0x0000000088f00000, 0x0000000089000000, 0x0000000089000000|100%| E|CS|TAMS 0x0000000088f00000, 0x0000000088f00000| Complete 
| 110|0x0000000089000000, 0x0000000089100000, 0x0000000089100000|100%| E|CS|TAMS 0x0000000089000000, 0x0000000089000000| Complete 
| 111|0x0000000089100000, 0x0000000089200000, 0x0000000089200000|100%| E|CS|TAMS 0x0000000089100000, 0x0000000089100000| Complete 
| 112|0x0000000089200000, 0x0000000089300000, 0x0000000089300000|100%| E|CS|TAMS 0x0000000089200000, 0x0000000089200000| Complete 
| 113|0x0000000089300000, 0x0000000089400000, 0x0000000089400000|100%| E|CS|TAMS 0x0000000089300000, 0x0000000089300000| Complete 
| 114|0x0000000089400000, 0x0000000089500000, 0x0000000089500000|100%| E|CS|TAMS 0x0000000089400000, 0x0000000089400000| Complete 
| 115|0x0000000089500000, 0x0000000089600000, 0x0000000089600000|100%| E|CS|TAMS 0x0000000089500000, 0x0000000089500000| Complete 
| 116|0x0000000089600000, 0x0000000089700000, 0x0000000089700000|100%| E|CS|TAMS 0x0000000089600000, 0x0000000089600000| Complete 
| 117|0x0000000089700000, 0x0000000089800000, 0x0000000089800000|100%| E|CS|TAMS 0x0000000089700000, 0x0000000089700000| Complete 
| 118|0x0000000089800000, 0x0000000089900000, 0x0000000089900000|100%| E|CS|TAMS 0x0000000089800000, 0x0000000089800000| Complete 
| 119|0x0000000089900000, 0x0000000089a00000, 0x0000000089a00000|100%| E|CS|TAMS 0x0000000089900000, 0x0000000089900000| Complete 
| 120|0x0000000089a00000, 0x0000000089b00000, 0x0000000089b00000|100%| E|CS|TAMS 0x0000000089a00000, 0x0000000089a00000| Complete 
| 121|0x0000000089b00000, 0x0000000089c00000, 0x0000000089c00000|100%| E|CS|TAMS 0x0000000089b00000, 0x0000000089b00000| Complete 
| 122|0x0000000089c00000, 0x0000000089d00000, 0x0000000089d00000|100%| E|CS|TAMS 0x0000000089c00000, 0x0000000089c00000| Complete 
| 123|0x0000000089d00000, 0x0000000089e00000, 0x0000000089e00000|100%| E|CS|TAMS 0x0000000089d00000, 0x0000000089d00000| Complete 
| 124|0x0000000089e00000, 0x0000000089f00000, 0x0000000089f00000|100%| E|CS|TAMS 0x0000000089e00000, 0x0000000089e00000| Complete 
| 125|0x0000000089f00000, 0x000000008a000000, 0x000000008a000000|100%| E|CS|TAMS 0x0000000089f00000, 0x0000000089f00000| Complete 
| 126|0x000000008a000000, 0x000000008a100000, 0x000000008a100000|100%| E|CS|TAMS 0x000000008a000000, 0x000000008a000000| Complete 
| 127|0x000000008a100000, 0x000000008a200000, 0x000000008a200000|100%| S|CS|TAMS 0x000000008a100000, 0x000000008a100000| Complete 
| 128|0x000000008a200000, 0x000000008a300000, 0x000000008a300000|100%| E|CS|TAMS 0x000000008a200000, 0x000000008a200000| Complete 
| 129|0x000000008a300000, 0x000000008a400000, 0x000000008a400000|100%| E|CS|TAMS 0x000000008a300000, 0x000000008a300000| Complete 
| 130|0x000000008a400000, 0x000000008a500000, 0x000000008a500000|100%| E|CS|TAMS 0x000000008a400000, 0x000000008a400000| Complete 

Card table byte_map: [0x000002607b0b0000,0x000002607b4a0000] _byte_map_base: 0x000002607ac9f000

Marking Bits (Prev, Next): (CMBitMap*) 0x000002607a6e5d98, (CMBitMap*) 0x000002607a6e5dd8
 Prev Bits: [0x000002607b890000, 0x000002607d808000)
 Next Bits: [0x000002607d810000, 0x000002607f788000)

Polling page: 0x0000026079e70000

Metaspace:

Usage:
  Non-class:     57.63 MB capacity,    56.48 MB ( 98%) used,   945.55 KB (  2%) free+waste,   237.81 KB ( <1%) overhead. 
      Class:      9.25 MB capacity,     8.54 MB ( 92%) used,   612.16 KB (  6%) free+waste,   109.75 KB (  1%) overhead. 
       Both:     66.88 MB capacity,    65.02 MB ( 97%) used,     1.52 MB (  2%) free+waste,   347.56 KB ( <1%) overhead. 

Virtual space:
  Non-class space:       58.00 MB reserved,      57.67 MB (>99%) committed 
      Class space:        1.00 GB reserved,       9.25 MB ( <1%) committed 
             Both:        1.06 GB reserved,      66.92 MB (  6%) committed 

Chunk freelists:
   Non-Class:  42.00 KB
       Class:  4.00 KB
        Both:  46.00 KB

MaxMetaspaceSize: 17179869184.00 GB
CompressedClassSpaceSize: 1.00 GB

CodeHeap 'non-profiled nmethods': size=120000Kb used=3776Kb max_used=3959Kb free=116223Kb
 bounds [0x000002600ff00000, 0x0000026010300000, 0x0000026017430000]
CodeHeap 'profiled nmethods': size=120000Kb used=12711Kb max_used=12711Kb free=107288Kb
 bounds [0x00000260089d0000, 0x0000026009640000, 0x000002600ff00000]
CodeHeap 'non-nmethods': size=5760Kb used=1415Kb max_used=1498Kb free=4345Kb
 bounds [0x0000026008430000, 0x00000260086a0000, 0x00000260089d0000]
 total_blobs=8409 nmethods=5120 adapters=536
 compilation: enabled
              stopped_count=0, restarted_count=0
 full_count=0

Compilation events (20 events):
Event: 17.611 Thread 0x0000026019946000 6122       2       java.util.Calendar::getBaseStyle (6 bytes)
Event: 17.611 Thread 0x0000026019946000 nmethod 6122 0x0000026009580d10 code [0x0000026009580ea0, 0x0000026009581018]
Event: 17.619 Thread 0x0000026019946000 6123   !   2       com.intellij.rt.debugger.agent.CaptureStorage::insertExit (101 bytes)
Event: 17.620 Thread 0x0000026019946000 nmethod 6123 0x000002600957fc10 code [0x000002600957fee0, 0x0000026009580690]
Event: 17.917 Thread 0x0000026019941000 nmethod 5926 0x00000260102ddc10 code [0x00000260102de4a0, 0x00000260102f0270]
Event: 17.917 Thread 0x0000026019941000 6115       4       java.util.TreeMap::successor (66 bytes)
Event: 17.919 Thread 0x0000026019941000 nmethod 6115 0x00000260100ca010 code [0x00000260100ca1a0, 0x00000260100ca298]
Event: 17.919 Thread 0x0000026019941000 5929       4       org.springframework.core.ResolvableType$1::getGenerics (4 bytes)
Event: 17.919 Thread 0x0000026019941000 nmethod 5929 0x00000260100c9d10 code [0x00000260100c9ea0, 0x00000260100c9f18]
Event: 17.919 Thread 0x0000026019941000 5891       4       io.github.classgraph.ClasspathElementZip$1::<init> (35 bytes)
Event: 17.923 Thread 0x0000026019941000 nmethod 5891 0x00000260101c4490 code [0x00000260101c4620, 0x00000260101c4b98]
Event: 17.923 Thread 0x0000026019941000 5889       4       java.util.HashSet::contains (9 bytes)
Event: 17.936 Thread 0x0000026019941000 nmethod 5889 0x00000260101c3610 code [0x00000260101c37e0, 0x00000260101c3fb8]
Event: 17.936 Thread 0x0000026019941000 5928       4       java.util.concurrent.ConcurrentHashMap::isEmpty (15 bytes)
Event: 17.938 Thread 0x0000026019941000 nmethod 5928 0x00000260101c3190 code [0x00000260101c3320, 0x00000260101c3458]
Event: 17.938 Thread 0x0000026019941000 5970       4       ch.qos.logback.classic.Logger::callTurboFilters (14 bytes)
Event: 17.939 Thread 0x0000026019941000 nmethod 5970 0x0000026010120610 code [0x00000260101207a0, 0x0000026010120958]
Event: 17.939 Thread 0x0000026019941000 6114       4       org.springframework.boot.autoconfigure.condition.ConditionEvaluationReport::lambda$addNoMatchOutcomeToAncestors$1 (54 bytes)
Event: 17.950 Thread 0x0000026019941000 nmethod 6114 0x000002601011f590 code [0x000002601011f780, 0x00000260101200a8]
Event: 17.950 Thread 0x0000026019941000 6091       4       org.springframework.core.annotation.AnnotationsScanner::scan (18 bytes)

GC Heap History (20 events):
Event: 14.386 GC heap before
{Heap before GC invocations=26 (full 0):
 garbage-first heap   total 78848K, used 58411K [0x0000000082200000, 0x0000000100000000)
  region size 1024K, 33 young (33792K), 4 survivors (4096K)
 Metaspace       used 63472K, capacity 65251K, committed 65328K, reserved 1105920K
  class space    used 8366K, capacity 9079K, committed 9088K, reserved 1048576K
}
Event: 14.391 GC heap after
{Heap after GC invocations=27 (full 0):
 garbage-first heap   total 78848K, used 29061K [0x0000000082200000, 0x0000000100000000)
  region size 1024K, 3 young (3072K), 3 survivors (3072K)
 Metaspace       used 63472K, capacity 65251K, committed 65328K, reserved 1105920K
  class space    used 8366K, capacity 9079K, committed 9088K, reserved 1048576K
}
Event: 14.740 GC heap before
{Heap before GC invocations=27 (full 0):
 garbage-first heap   total 78848K, used 60805K [0x0000000082200000, 0x0000000100000000)
  region size 1024K, 33 young (33792K), 3 survivors (3072K)
 Metaspace       used 64018K, capacity 65744K, committed 65968K, reserved 1105920K
  class space    used 8421K, capacity 9115K, committed 9216K, reserved 1048576K
}
Event: 14.746 GC heap after
{Heap after GC invocations=28 (full 0):
 garbage-first heap   total 78848K, used 34123K [0x0000000082200000, 0x0000000100000000)
  region size 1024K, 5 young (5120K), 5 survivors (5120K)
 Metaspace       used 64018K, capacity 65744K, committed 65968K, reserved 1105920K
  class space    used 8421K, capacity 9115K, committed 9216K, reserved 1048576K
}
Event: 14.835 GC heap before
{Heap before GC invocations=28 (full 0):
 garbage-first heap   total 78848K, used 47435K [0x0000000082200000, 0x0000000100000000)
  region size 1024K, 19 young (19456K), 5 survivors (5120K)
 Metaspace       used 64059K, capacity 65808K, committed 65968K, reserved 1105920K
  class space    used 8422K, capacity 9115K, committed 9216K, reserved 1048576K
}
Event: 14.843 GC heap after
{Heap after GC invocations=29 (full 0):
 garbage-first heap   total 78848K, used 35417K [0x0000000082200000, 0x0000000100000000)
  region size 1024K, 4 young (4096K), 4 survivors (4096K)
 Metaspace       used 64059K, capacity 65808K, committed 65968K, reserved 1105920K
  class space    used 8422K, capacity 9115K, committed 9216K, reserved 1048576K
}
Event: 15.101 GC heap before
{Heap before GC invocations=30 (full 0):
 garbage-first heap   total 78848K, used 54873K [0x0000000082200000, 0x0000000100000000)
  region size 1024K, 24 young (24576K), 4 survivors (4096K)
 Metaspace       used 64120K, capacity 65881K, committed 66224K, reserved 1105920K
  class space    used 8434K, capacity 9118K, committed 9216K, reserved 1048576K
}
Event: 15.106 GC heap after
{Heap after GC invocations=31 (full 0):
 garbage-first heap   total 78848K, used 40066K [0x0000000082200000, 0x0000000100000000)
  region size 1024K, 3 young (3072K), 3 survivors (3072K)
 Metaspace       used 64120K, capacity 65881K, committed 66224K, reserved 1105920K
  class space    used 8434K, capacity 9118K, committed 9216K, reserved 1048576K
}
Event: 15.113 GC heap before
{Heap before GC invocations=31 (full 0):
 garbage-first heap   total 78848K, used 41090K [0x0000000082200000, 0x0000000100000000)
  region size 1024K, 5 young (5120K), 3 survivors (3072K)
 Metaspace       used 64120K, capacity 65881K, committed 66224K, reserved 1105920K
  class space    used 8434K, capacity 9118K, committed 9216K, reserved 1048576K
}
Event: 15.117 GC heap after
{Heap after GC invocations=32 (full 0):
 garbage-first heap   total 95232K, used 41189K [0x0000000082200000, 0x0000000100000000)
  region size 1024K, 1 young (1024K), 1 survivors (1024K)
 Metaspace       used 64120K, capacity 65881K, committed 66224K, reserved 1105920K
  class space    used 8434K, capacity 9118K, committed 9216K, reserved 1048576K
}
Event: 15.169 GC heap before
{Heap before GC invocations=32 (full 0):
 garbage-first heap   total 102400K, used 59621K [0x0000000082200000, 0x0000000100000000)
  region size 1024K, 19 young (19456K), 1 survivors (1024K)
 Metaspace       used 64139K, capacity 65881K, committed 66224K, reserved 1105920K
  class space    used 8434K, capacity 9118K, committed 9216K, reserved 1048576K
}
Event: 15.176 GC heap after
{Heap after GC invocations=33 (full 0):
 garbage-first heap   total 102400K, used 45157K [0x0000000082200000, 0x0000000100000000)
  region size 1024K, 3 young (3072K), 3 survivors (3072K)
 Metaspace       used 64139K, capacity 65881K, committed 66224K, reserved 1105920K
  class space    used 8434K, capacity 9118K, committed 9216K, reserved 1048576K
}
Event: 15.624 GC heap before
{Heap before GC invocations=34 (full 0):
 garbage-first heap   total 102400K, used 65637K [0x0000000082200000, 0x0000000100000000)
  region size 1024K, 23 young (23552K), 3 survivors (3072K)
 Metaspace       used 64174K, capacity 65945K, committed 66224K, reserved 1105920K
  class space    used 8434K, capacity 9118K, committed 9216K, reserved 1048576K
}
Event: 15.643 GC heap after
{Heap after GC invocations=35 (full 0):
 garbage-first heap   total 102400K, used 49498K [0x0000000082200000, 0x0000000100000000)
  region size 1024K, 3 young (3072K), 3 survivors (3072K)
 Metaspace       used 64174K, capacity 65945K, committed 66224K, reserved 1105920K
  class space    used 8434K, capacity 9118K, committed 9216K, reserved 1048576K
}
Event: 15.980 GC heap before
{Heap before GC invocations=35 (full 0):
 garbage-first heap   total 102400K, used 54618K [0x0000000082200000, 0x0000000100000000)
  region size 1024K, 10 young (10240K), 3 survivors (3072K)
 Metaspace       used 64192K, capacity 65945K, committed 66224K, reserved 1105920K
  class space    used 8434K, capacity 9118K, committed 9216K, reserved 1048576K
}
Event: 15.984 GC heap after
{Heap after GC invocations=36 (full 0):
 garbage-first heap   total 102400K, used 51428K [0x0000000082200000, 0x0000000100000000)
  region size 1024K, 2 young (2048K), 2 survivors (2048K)
 Metaspace       used 64192K, capacity 65945K, committed 66224K, reserved 1105920K
  class space    used 8434K, capacity 9118K, committed 9216K, reserved 1048576K
}
Event: 16.083 GC heap before
{Heap before GC invocations=37 (full 0):
 garbage-first heap   total 111616K, used 71908K [0x0000000082200000, 0x0000000100000000)
  region size 1024K, 22 young (22528K), 2 survivors (2048K)
 Metaspace       used 64212K, capacity 66009K, committed 66224K, reserved 1105920K
  class space    used 8434K, capacity 9118K, committed 9216K, reserved 1048576K
}
Event: 16.089 GC heap after
{Heap after GC invocations=38 (full 0):
 garbage-first heap   total 134144K, used 55950K [0x0000000082200000, 0x0000000100000000)
  region size 1024K, 3 young (3072K), 3 survivors (3072K)
 Metaspace       used 64212K, capacity 66009K, committed 66224K, reserved 1105920K
  class space    used 8434K, capacity 9118K, committed 9216K, reserved 1048576K
}
Event: 16.347 GC heap before
{Heap before GC invocations=38 (full 0):
 garbage-first heap   total 134144K, used 59022K [0x0000000082200000, 0x0000000100000000)
  region size 1024K, 6 young (6144K), 3 survivors (3072K)
 Metaspace       used 64216K, capacity 66009K, committed 66224K, reserved 1105920K
  class space    used 8434K, capacity 9118K, committed 9216K, reserved 1048576K
}
Event: 16.354 GC heap after
{Heap after GC invocations=39 (full 0):
 garbage-first heap   total 134144K, used 45717K [0x0000000082200000, 0x0000000100000000)
  region size 1024K, 1 young (1024K), 1 survivors (1024K)
 Metaspace       used 64216K, capacity 66009K, committed 66224K, reserved 1105920K
  class space    used 8434K, capacity 9118K, committed 9216K, reserved 1048576K
}

Deoptimization events (20 events):
Event: 17.135 Thread 0x000002607a6a2800 DEOPT PACKING pc=0x0000026008f595fc sp=0x0000007e47efec00
Event: 17.135 Thread 0x000002607a6a2800 DEOPT UNPACKING pc=0x000002600847964e sp=0x0000007e47efe178 mode 1
Event: 17.135 Thread 0x000002607a6a2800 DEOPT PACKING pc=0x0000026008f595fc sp=0x0000007e47efec00
Event: 17.135 Thread 0x000002607a6a2800 DEOPT UNPACKING pc=0x000002600847964e sp=0x0000007e47efe178 mode 1
Event: 17.135 Thread 0x000002607a6a2800 DEOPT PACKING pc=0x0000026008f595fc sp=0x0000007e47efec00
Event: 17.135 Thread 0x000002607a6a2800 DEOPT UNPACKING pc=0x000002600847964e sp=0x0000007e47efe178 mode 1
Event: 17.135 Thread 0x000002607a6a2800 DEOPT PACKING pc=0x0000026008f595fc sp=0x0000007e47efec00
Event: 17.135 Thread 0x000002607a6a2800 DEOPT UNPACKING pc=0x000002600847964e sp=0x0000007e47efe178 mode 1
Event: 17.135 Thread 0x000002607a6a2800 DEOPT PACKING pc=0x0000026008f595fc sp=0x0000007e47efec00
Event: 17.135 Thread 0x000002607a6a2800 DEOPT UNPACKING pc=0x000002600847964e sp=0x0000007e47efe178 mode 1
Event: 17.135 Thread 0x000002607a6a2800 DEOPT PACKING pc=0x0000026008f595fc sp=0x0000007e47efec00
Event: 17.135 Thread 0x000002607a6a2800 DEOPT UNPACKING pc=0x000002600847964e sp=0x0000007e47efe178 mode 1
Event: 17.135 Thread 0x000002607a6a2800 DEOPT PACKING pc=0x0000026008f595fc sp=0x0000007e47efec00
Event: 17.135 Thread 0x000002607a6a2800 DEOPT UNPACKING pc=0x000002600847964e sp=0x0000007e47efe178 mode 1
Event: 17.135 Thread 0x000002607a6a2800 DEOPT PACKING pc=0x0000026008f595fc sp=0x0000007e47efec00
Event: 17.135 Thread 0x000002607a6a2800 DEOPT UNPACKING pc=0x000002600847964e sp=0x0000007e47efe178 mode 1
Event: 17.141 Thread 0x000002607a6a2800 Uncommon trap: trap_request=0xffffff45 fr.pc=0x000002601026d660 relative=0x0000000000001580
Event: 17.141 Thread 0x000002607a6a2800 Uncommon trap: reason=unstable_if action=reinterpret pc=0x000002601026d660 method=org.springframework.core.annotation.AnnotationsScanner.processClassHierarchy(Ljava/lang/Object;[ILjava/lang/Class;Lorg/springframework/core/annotation/AnnotationsProcessor;Z
Event: 17.141 Thread 0x000002607a6a2800 DEOPT PACKING pc=0x000002601026d660 sp=0x0000007e47efe6a0
Event: 17.141 Thread 0x000002607a6a2800 DEOPT UNPACKING pc=0x000002600847912f sp=0x0000007e47efe6b8 mode 2

Classes unloaded (0 events):
No events

Classes redefined (0 events):
No events

Internal exceptions (20 events):
Event: 15.933 Thread 0x000002601d5bd000 Exception <a 'sun/nio/fs/WindowsException'{0x0000000089f91510}> (0x0000000089f91510) 
thrown [t:/workspace/open/src/hotspot/share/prims/jni.cpp, line 598]
Event: 15.935 Thread 0x000002601d5bd000 Exception <a 'sun/nio/fs/WindowsException'{0x0000000089f91d80}> (0x0000000089f91d80) 
thrown [t:/workspace/open/src/hotspot/share/prims/jni.cpp, line 598]
Event: 15.935 Thread 0x000002601d5bd000 Exception <a 'sun/nio/fs/WindowsException'{0x0000000089f91f90}> (0x0000000089f91f90) 
thrown [t:/workspace/open/src/hotspot/share/prims/jni.cpp, line 598]
Event: 15.936 Thread 0x000002601d5bd000 Exception <a 'sun/nio/fs/WindowsException'{0x0000000089f92820}> (0x0000000089f92820) 
thrown [t:/workspace/open/src/hotspot/share/prims/jni.cpp, line 598]
Event: 15.936 Thread 0x000002601d5bd000 Exception <a 'sun/nio/fs/WindowsException'{0x0000000089f92a50}> (0x0000000089f92a50) 
thrown [t:/workspace/open/src/hotspot/share/prims/jni.cpp, line 598]
Event: 15.936 Thread 0x000002601d5bd000 Exception <a 'sun/nio/fs/WindowsException'{0x0000000089f932f0}> (0x0000000089f932f0) 
thrown [t:/workspace/open/src/hotspot/share/prims/jni.cpp, line 598]
Event: 15.937 Thread 0x000002601d5bd000 Exception <a 'sun/nio/fs/WindowsException'{0x0000000089f93530}> (0x0000000089f93530) 
thrown [t:/workspace/open/src/hotspot/share/prims/jni.cpp, line 598]
Event: 15.937 Thread 0x000002601d5bd000 Exception <a 'sun/nio/fs/WindowsException'{0x0000000089f93dc8}> (0x0000000089f93dc8) 
thrown [t:/workspace/open/src/hotspot/share/prims/jni.cpp, line 598]
Event: 15.937 Thread 0x000002601d5bd000 Exception <a 'sun/nio/fs/WindowsException'{0x0000000089f94008}> (0x0000000089f94008) 
thrown [t:/workspace/open/src/hotspot/share/prims/jni.cpp, line 598]
Event: 16.553 Thread 0x000002607a6a2800 Exception <a 'java/lang/ClassNotFoundException'{0x0000000089b8b8b8}: java/lang/ObjectCustomizer> (0x0000000089b8b8b8) 
thrown [t:/workspace/open/src/hotspot/share/classfile/systemDictionary.cpp, line 232]
Event: 16.553 Thread 0x000002607a6a2800 Exception <a 'java/lang/ClassNotFoundException'{0x0000000089bac978}: org/springframework/security/config/annotation/web/configuration/HttpSecurityConfigurationCustomizer> (0x0000000089bac978) 
thrown [t:/workspace/open/src/hotspot/share/classfile/systemDictionary.cpp, line 232]
Event: 16.579 Thread 0x000002607a6a2800 Exception <a 'java/lang/NoSuchMethodError'{0x0000000089a6c570}: 'java.lang.Object java.lang.invoke.DirectMethodHandle$Holder.invokeInterface(java.lang.Object, java.lang.Object, java.lang.Object, java.lang.Object)'> (0x0000000089a6c570) 
thrown [t:/workspace/open/src/hotspot/share/interpreter/linkResolver.cpp, line 767]
Event: 16.649 Thread 0x000002607a6a2800 Exception <a 'java/lang/NoSuchMethodError'{0x000000008976e818}: 'void java.lang.invoke.DirectMethodHandle$Holder.invokeVirtual(java.lang.Object, java.lang.Object, int)'> (0x000000008976e818) 
thrown [t:/workspace/open/src/hotspot/share/interpreter/linkResolver.cpp, line 767]
Event: 16.652 Thread 0x000002607a6a2800 Exception <a 'java/lang/NoSuchMethodError'{0x00000000897875b8}: 'void java.lang.invoke.DirectMethodHandle$Holder.invokeVirtual(java.lang.Object, java.lang.Object, long)'> (0x00000000897875b8) 
thrown [t:/workspace/open/src/hotspot/share/interpreter/linkResolver.cpp, line 767]
Event: 16.838 Thread 0x000002607a6a2800 Exception <a 'java/lang/NoSuchMethodError'{0x00000000891c0500}: 'int java.lang.invoke.DirectMethodHandle$Holder.invokeStaticInit(java.lang.Object, java.lang.Object, java.lang.Object, java.lang.Object)'> (0x00000000891c0500) 
thrown [t:/workspace/open/src/hotspot/share/interpreter/linkResolver.cpp, line 767]
Event: 17.074 Thread 0x000002607a6a2800 Implicit null exception at 0x000002601005bada to 0x000002601005bde6
Event: 17.150 Thread 0x000002607a6a2800 Exception <a 'java/lang/NoSuchMethodError'{0x000000008843a260}: 'java.lang.Object java.lang.invoke.DirectMethodHandle$Holder.invokeSpecial(java.lang.Object, java.lang.Object, int, java.lang.Object, int, java.lang.Object)'> (0x000000008843a260) 
thrown [t:/workspace/open/src/hotspot/share/interpreter/linkResolver.cpp, line 767]
Event: 17.151 Thread 0x000002607a6a2800 Exception <a 'java/lang/NoSuchMethodError'{0x0000000088440e10}: 'java.lang.Object java.lang.invoke.DirectMethodHandle$Holder.invokeStatic(java.lang.Object, java.lang.Object, int, java.lang.Object, int)'> (0x0000000088440e10) 
thrown [t:/workspace/open/src/hotspot/share/interpreter/linkResolver.cpp, line 767]
Event: 17.151 Thread 0x000002607a6a2800 Exception <a 'java/lang/NoSuchMethodError'{0x00000000884441c0}: 'java.lang.Object java.lang.invoke.DirectMethodHandle$Holder.invokeSpecial(java.lang.Object, java.lang.Object, java.lang.Object, int, java.lang.Object, int)'> (0x00000000884441c0) 
thrown [t:/workspace/open/src/hotspot/share/interpreter/linkResolver.cpp, line 767]
Event: 17.152 Thread 0x000002607a6a2800 Exception <a 'java/lang/NoSuchMethodError'{0x0000000088454ba8}: 'void java.lang.invoke.DirectMethodHandle$Holder.invokeVirtual(java.lang.Object, java.lang.Object)'> (0x0000000088454ba8) 
thrown [t:/workspace/open/src/hotspot/share/interpreter/linkResolver.cpp, line 767]

Events (20 events):
Event: 17.615 loading class org/springframework/context/ConfigurableApplicationContext
Event: 17.615 loading class org/springframework/context/ConfigurableApplicationContext done
Event: 17.616 Executing VM operation: RevokeBias
Event: 17.616 Executing VM operation: RevokeBias done
Event: 17.616 Executing VM operation: RevokeBias
Event: 17.616 Executing VM operation: RevokeBias done
Event: 17.616 loading class org/apache/catalina/webresources/Cache$EvictionOrder
Event: 17.616 loading class org/apache/catalina/webresources/Cache$EvictionOrder done
Event: 17.616 Thread 0x000002607a6a2800 Thread exited: 0x000002607a6a2800
Event: 17.617 Thread 0x000002601fd37000 Thread added: 0x000002601fd37000
Event: 17.618 Executing VM operation: RevokeBias
Event: 17.618 Executing VM operation: RevokeBias done
Event: 17.618 Executing VM operation: RevokeBias
Event: 17.618 Executing VM operation: RevokeBias done
Event: 17.618 Executing VM operation: RevokeBias
Event: 17.618 Executing VM operation: RevokeBias done
Event: 17.618 loading class org/apache/tomcat/PeriodicEventListener
Event: 17.618 loading class org/apache/tomcat/PeriodicEventListener done
Event: 17.619 Executing VM operation: RevokeBias
Event: 17.619 Executing VM operation: RevokeBias done


Dynamic libraries:
0x00007ff75f0c0000 - 0x00007ff75f0cf000 	C:\Program Files\Java\jdk-13\bin\java.exe
0x00007ffa930f0000 - 0x00007ffa932e5000 	C:\WINDOWS\SYSTEM32\ntdll.dll
0x00007ffa66340000 - 0x00007ffa66356000 	C:\Program Files\AVG\Antivirus\aswhook.dll
0x00007ffa91500000 - 0x00007ffa915bd000 	C:\WINDOWS\System32\KERNEL32.DLL
0x00007ffa90c70000 - 0x00007ffa90f3d000 	C:\WINDOWS\System32\KERNELBASE.dll
0x00007ffa90b70000 - 0x00007ffa90c70000 	C:\WINDOWS\System32\ucrtbase.dll
0x00007ffa82120000 - 0x00007ffa82135000 	C:\Program Files\Java\jdk-13\bin\VCRUNTIME140.dll
0x00007ffa80ad0000 - 0x00007ffa80ae8000 	C:\Program Files\Java\jdk-13\bin\jli.dll
0x00007ffa91fd0000 - 0x00007ffa9207e000 	C:\WINDOWS\System32\ADVAPI32.dll
0x00007ffa92de0000 - 0x00007ffa92e7e000 	C:\WINDOWS\System32\msvcrt.dll
0x00007ffa922d0000 - 0x00007ffa9236c000 	C:\WINDOWS\System32\sechost.dll
0x00007ffa92bb0000 - 0x00007ffa92cd5000 	C:\WINDOWS\System32\RPCRT4.dll
0x00007ffa928a0000 - 0x00007ffa92a40000 	C:\WINDOWS\System32\USER32.dll
0x00007ffa90a60000 - 0x00007ffa90a82000 	C:\WINDOWS\System32\win32u.dll
0x00007ffa77ca0000 - 0x00007ffa77f3a000 	C:\WINDOWS\WinSxS\amd64_microsoft.windows.common-controls_6595b64144ccf1df_6.0.19041.1110_none_60b5254171f9507e\COMCTL32.dll
0x00007ffa92370000 - 0x00007ffa9239a000 	C:\WINDOWS\System32\GDI32.dll
0x00007ffa90800000 - 0x00007ffa9090b000 	C:\WINDOWS\System32\gdi32full.dll
0x00007ffa909c0000 - 0x00007ffa90a5d000 	C:\WINDOWS\System32\msvcp_win.dll
0x00007ffa8a7f0000 - 0x00007ffa8a7fa000 	C:\WINDOWS\SYSTEM32\VERSION.dll
0x00007ffa91d10000 - 0x00007ffa91d40000 	C:\WINDOWS\System32\IMM32.DLL
0x00007ffa6cfe0000 - 0x00007ffa6d07b000 	C:\Program Files\Java\jdk-13\bin\msvcp140.dll
0x00007ffa3cf30000 - 0x00007ffa3da96000 	C:\Program Files\Java\jdk-13\bin\server\jvm.dll
0x00007ffa92b40000 - 0x00007ffa92b48000 	C:\WINDOWS\System32\PSAPI.DLL
0x00007ffa79e10000 - 0x00007ffa79e37000 	C:\WINDOWS\SYSTEM32\WINMM.dll
0x00007ffa85620000 - 0x00007ffa85629000 	C:\WINDOWS\SYSTEM32\WSOCK32.dll
0x00007ffa92ad0000 - 0x00007ffa92b3b000 	C:\WINDOWS\System32\WS2_32.dll
0x00007ffa8f0e0000 - 0x00007ffa8f0f2000 	C:\WINDOWS\SYSTEM32\kernel.appcore.dll
0x00007ffa8b450000 - 0x00007ffa8b460000 	C:\Program Files\Java\jdk-13\bin\verify.dll
0x00007ffa8e610000 - 0x00007ffa8e7f4000 	C:\WINDOWS\SYSTEM32\DBGHELP.DLL
0x00007ffa89ba0000 - 0x00007ffa89bcc000 	C:\WINDOWS\SYSTEM32\dbgcore.DLL
0x00007ffa90ae0000 - 0x00007ffa90b62000 	C:\WINDOWS\System32\bcryptPrimitives.dll
0x00007ffa80720000 - 0x00007ffa80746000 	C:\Program Files\Java\jdk-13\bin\java.dll
0x00007ffa80b40000 - 0x00007ffa80b78000 	C:\Program Files\Java\jdk-13\bin\jdwp.dll
0x00007ffa89f60000 - 0x00007ffa89f6e000 	C:\Program Files\Java\jdk-13\bin\instrument.dll
0x00007ffa7ff80000 - 0x00007ffa7ff97000 	C:\Program Files\Java\jdk-13\bin\zip.dll
0x00007ffa88780000 - 0x00007ffa8878a000 	C:\Program Files\Java\jdk-13\bin\jimage.dll
0x00007ffa915c0000 - 0x00007ffa91d04000 	C:\WINDOWS\System32\SHELL32.dll
0x00007ffa8e800000 - 0x00007ffa8ef94000 	C:\WINDOWS\SYSTEM32\windows.storage.dll
0x00007ffa911a0000 - 0x00007ffa914f4000 	C:\WINDOWS\System32\combase.dll
0x00007ffa90260000 - 0x00007ffa9028c000 	C:\WINDOWS\SYSTEM32\Wldp.dll
0x00007ffa92f50000 - 0x00007ffa92ffd000 	C:\WINDOWS\System32\SHCORE.dll
0x00007ffa923a0000 - 0x00007ffa923f5000 	C:\WINDOWS\System32\shlwapi.dll
0x00007ffa90740000 - 0x00007ffa9075f000 	C:\WINDOWS\SYSTEM32\profapi.dll
0x00007ffa89f30000 - 0x00007ffa89f3b000 	C:\Program Files\Java\jdk-13\bin\dt_socket.dll
0x00007ffa8ff50000 - 0x00007ffa8ffba000 	C:\WINDOWS\system32\mswsock.dll
0x00007ffa7ebc0000 - 0x00007ffa7ebd9000 	C:\Program Files\Java\jdk-13\bin\net.dll
0x00007ffa85f20000 - 0x00007ffa8602a000 	C:\WINDOWS\SYSTEM32\WINHTTP.dll
0x00007ffa7d130000 - 0x00007ffa7d31c000 	C:\WINDOWS\SYSTEM32\urlmon.dll
0x00007ffa82280000 - 0x00007ffa822a8000 	C:\WINDOWS\SYSTEM32\srvcli.dll
0x00007ffa7c8e0000 - 0x00007ffa7cb91000 	C:\WINDOWS\SYSTEM32\iertutil.dll
0x00007ffa8fda0000 - 0x00007ffa8fdac000 	C:\WINDOWS\SYSTEM32\netutils.dll
0x00007ffa7eba0000 - 0x00007ffa7ebb3000 	C:\Program Files\Java\jdk-13\bin\nio.dll
0x00007ffa8b870000 - 0x00007ffa8b879000 	C:\Program Files\Java\jdk-13\bin\management.dll
0x00007ffa89fc0000 - 0x00007ffa89fcb000 	C:\Program Files\Java\jdk-13\bin\management_ext.dll
0x00007ffa6cfc0000 - 0x00007ffa6cfd7000 	C:\WINDOWS\system32\napinsp.dll
0x00007ffa6cfa0000 - 0x00007ffa6cfbb000 	C:\WINDOWS\system32\pnrpnsp.dll
0x00007ffa6cf80000 - 0x00007ffa6cf95000 	C:\WINDOWS\system32\wshbth.dll
0x00007ffa8af30000 - 0x00007ffa8af4d000 	C:\WINDOWS\system32\NLAapi.dll
0x00007ffa8fbe0000 - 0x00007ffa8fc1b000 	C:\WINDOWS\SYSTEM32\IPHLPAPI.DLL
0x00007ffa8fc80000 - 0x00007ffa8fd4b000 	C:\WINDOWS\SYSTEM32\DNSAPI.dll
0x00007ffa92890000 - 0x00007ffa92898000 	C:\WINDOWS\System32\NSI.dll
0x00007ffa6cf60000 - 0x00007ffa6cf72000 	C:\WINDOWS\System32\winrnr.dll
0x00007ffa89060000 - 0x00007ffa8906a000 	C:\Windows\System32\rasadhlp.dll
0x00007ffa85ea0000 - 0x00007ffa85f20000 	C:\WINDOWS\System32\fwpuclnt.dll
0x00007ffa91110000 - 0x00007ffa91137000 	C:\WINDOWS\System32\bcrypt.dll
0x00007ffa901b0000 - 0x00007ffa901c8000 	C:\WINDOWS\SYSTEM32\CRYPTSP.dll
0x00007ffa8f870000 - 0x00007ffa8f8a4000 	C:\WINDOWS\system32\rsaenh.dll
0x00007ffa90700000 - 0x00007ffa9072e000 	C:\WINDOWS\SYSTEM32\USERENV.dll
0x00007ffa901d0000 - 0x00007ffa901dc000 	C:\WINDOWS\SYSTEM32\CRYPTBASE.dll
0x00007ffa893f0000 - 0x00007ffa89407000 	C:\WINDOWS\SYSTEM32\dhcpcsvc6.DLL
0x00007ffa8af00000 - 0x00007ffa8af1d000 	C:\WINDOWS\SYSTEM32\dhcpcsvc.DLL

dbghelp: loaded successfully - version: 4.0.5 - missing functions: none
symbol engine: initialized successfully - sym options: 0x614 - pdb path: .;C:\Program Files\Java\jdk-13\bin;C:\WINDOWS\SYSTEM32;C:\Program Files\AVG\Antivirus;C:\WINDOWS\WinSxS\amd64_microsoft.windows.common-controls_6595b64144ccf1df_6.0.19041.1110_none_60b5254171f9507e;C:\Program Files\Java\jdk-13\bin\server

VM Arguments:
jvm_args: -agentlib:jdwp=transport=dt_socket,address=127.0.0.1:64172,suspend=y,server=n -javaagent:C:\Users\Anton\AppData\Local\JetBrains\IdeaIC2022.1\captureAgent\debugger-agent.jar -Dfile.encoding=UTF-8 
java_command: com.crowdmarketing.CrowdApplication
java_class_path (initial): D:\server_java\target\classes;C:\Users\Anton\.m2\repository\org\springframework\boot\spring-boot-starter-web\2.6.2\spring-boot-starter-web-2.6.2.jar;C:\Users\Anton\.m2\repository\org\springframework\boot\spring-boot-starter\2.6.2\spring-boot-starter-2.6.2.jar;C:\Users\Anton\.m2\repository\org\springframework\boot\spring-boot\2.6.2\spring-boot-2.6.2.jar;C:\Users\Anton\.m2\repository\org\springframework\boot\spring-boot-autoconfigure\2.6.2\spring-boot-autoconfigure-2.6.2.jar;C:\Users\Anton\.m2\repository\org\springframework\boot\spring-boot-starter-logging\2.6.2\spring-boot-starter-logging-2.6.2.jar;C:\Users\Anton\.m2\repository\ch\qos\logback\logback-classic\1.2.9\logback-classic-1.2.9.jar;C:\Users\Anton\.m2\repository\ch\qos\logback\logback-core\1.2.9\logback-core-1.2.9.jar;C:\Users\Anton\.m2\repository\org\apache\logging\log4j\log4j-to-slf4j\2.17.0\log4j-to-slf4j-2.17.0.jar;C:\Users\Anton\.m2\repository\org\apache\logging\log4j\log4j-api\2.17.0\log4j-api-2.17.0.jar;C:\Users\Anton\.m2\repository\org\slf4j\jul-to-slf4j\1.7.32\jul-to-slf4j-1.7.32.jar;C:\Users\Anton\.m2\repository\jakarta\annotation\jakarta.annotation-api\1.3.5\jakarta.annotation-api-1.3.5.jar;C:\Users\Anton\.m2\repository\org\yaml\snakeyaml\1.29\snakeyaml-1.29.jar;C:\Users\Anton\.m2\repository\org\springframework\boot\spring-boot-starter-json\2.6.2\spring-boot-starter-json-2.6.2.jar;C:\Users\Anton\.m2\repository\com\fasterxml\jackson\datatype\jackson-datatype-jdk8\2.13.1\jackson-datatype-jdk8-2.13.1.jar;C:\Users\Anton\.m2\repository\com\fasterxml\jackson\datatype\jackson-datatype-jsr310\2.13.1\jackson-datatype-jsr310-2.13.1.jar;C:\Users\Anton\.m2\repository\com\fasterxml\jackson\module\jackson-module-parameter-names\2.13.1\jackson-module-parameter-names-2.13.1.jar;C:\Users\Anton\.m2\repository\org\springframework\boot\spring-boot-starter-tomcat\2.6.2\spring-boot-starter-tomcat-2.6.2.jar;C:\Users\Anton\.m2\repository\org\apache\tomcat\embed\tomcat-embed-core\9.0.56\tomcat-e
Launcher Type: SUN_STANDARD

[Global flags]
     intx CICompilerCount                          = 4                                         {product} {ergonomic}
     uint ConcGCThreads                            = 3                                         {product} {ergonomic}
     uint G1ConcRefinementThreads                  = 10                                        {product} {ergonomic}
   size_t G1HeapRegionSize                         = 1048576                                   {product} {ergonomic}
    uintx GCDrainStackTargetSize                   = 64                                        {product} {ergonomic}
   size_t InitialHeapSize                          = 132120576                                 {product} {ergonomic}
   size_t MarkStackSize                            = 4194304                                   {product} {ergonomic}
   size_t MaxHeapSize                              = 2111832064                                {product} {ergonomic}
   size_t MaxNewSize                               = 1266679808                                {product} {ergonomic}
   size_t MinHeapDeltaBytes                        = 1048576                                   {product} {ergonomic}
   size_t MinHeapSize                              = 8388608                                   {product} {ergonomic}
    uintx NonNMethodCodeHeapSize                   = 5836300                                {pd product} {ergonomic}
    uintx NonProfiledCodeHeapSize                  = 122910970                              {pd product} {ergonomic}
    uintx ProfiledCodeHeapSize                     = 122910970                              {pd product} {ergonomic}
    uintx ReservedCodeCacheSize                    = 251658240                              {pd product} {ergonomic}
     bool SegmentedCodeCache                       = true                                      {product} {ergonomic}
   size_t SoftMaxHeapSize                          = 2111832064                             {manageable} {ergonomic}
     bool UseCompressedClassPointers               = true                                 {lp64_product} {ergonomic}
     bool UseCompressedOops                        = true                                 {lp64_product} {ergonomic}
     bool UseG1GC                                  = true                                      {product} {ergonomic}
     bool UseLargePagesIndividualAllocation        = false                                  {pd product} {ergonomic}

Logging:
Log output configuration:
 #0: stdout all=warning uptime,level,tags
 #1: stderr all=off uptime,level,tags

Environment Variables:
JAVA_HOME=C:\Program Files\Java\jdk-13
PATH=C:\Users\Anton\AppData\Local\Programs\Python\Python37-32\Lib\site-packages\PyQt5;C:\Windows\system32;C:\Windows;C:\Windows\System32\Wbem;C:\Windows\System32\WindowsPowerShell\v1.0\;C:\Windows\System32\OpenSSH\;C:\Program Files (x86)\NVIDIA Corporation\PhysX\Common;C:\Program Files\NVIDIA Corporation\NVIDIA NvDLISR;C:\Program Files\dotnet\;C:\Program Files\Java\jdk-13\bin;C:\Program Files\maven\apache-maven-3.6.2\bin;C:\WINDOWS\system32;C:\WINDOWS;C:\WINDOWS\System32\Wbem;C:\WINDOWS\System32\WindowsPowerShell\v1.0\;C:\WINDOWS\System32\OpenSSH\;Ñ:\editdate;C:\Users\Anton\AppData\Local\Programs\Python\Python37-32\Scripts\;C:\Users\Anton\AppData\Local\Programs\Python\Python37-32\;C:\Users\Anton\AppData\Local\Microsoft\WindowsApps;C:\Program Files\JetBrains\PyCharm 2018.3.5\bin;D:\JetBrains\IntelliJ IDEA 2019.2.3\bin;D:\Microsoft VS Code\bin;C:\Users\Anton\.dotnet\tools;C:\Users\Anton\AppData\Local\GitHubDesktop\bin;C:\Users\Anton\AppData\Local\Microsoft\WindowsApps;Ñ:\editdate
USERNAME=Anton
OS=Windows_NT
PROCESSOR_IDENTIFIER=Intel64 Family 6 Model 158 Stepping 10, GenuineIntel



---------------  S Y S T E M  ---------------

OS: Windows 10 , 64 bit Build 19041 (10.0.19041.1706)

CPU:total 12 (initial active 12) (6 cores per cpu, 2 threads per core) family 6 model 158 stepping 10, cmov, cx8, fxsr, mmx, sse, sse2, sse3, ssse3, sse4.1, sse4.2, popcnt, avx, avx2, aes, clmul, erms, 3dnowpref, lzcnt, ht, tsc, tscinvbit, bmi1, bmi2, adx, fma

Memory: 4k page, system-wide physical 8051M (393M free)
TotalPageFile size 20323M (AvailPageFile size 0M)
current process WorkingSet (physical memory assigned to process): 400M, peak: 417M
current process commit charge ("private bytes"): 492M, peak: 492M

vm_info: Java HotSpot(TM) 64-Bit Server VM (13+33) for windows-amd64 JRE (13+33), built on Sep 18 2019 21:38:00 by "mach5one" with unknown MS VC++:1916

END.
